Arguments: 
  /Users/x/.nvm/versions/node/v14.4.0/bin/node /Users/x/.nvm/versions/node/v14.4.0/bin/yarn add lerna -D -W

PATH: 
  /Users/x/.nvm/versions/node/v14.4.0/bin:/usr/local/bin:/usr/bin:/bin:/usr/sbin:/sbin:/usr/local/sbin:/Users/x/.nvm/versions/node/v14.4.0/bin:/Users/x/javaws/env/apache-maven-3.6.3/bin:/Users/x/javaws/env/apache-maven-3.6.3/bin

Yarn version: 
  1.22.10

Node version: 
  14.4.0

Platform: 
  darwin x64

Trace: 
  SyntaxError: /Users/x/workspace/xz8la8/tuoba/package.json: Unexpected end of JSON input
      at JSON.parse (<anonymous>)
      at /Users/x/.nvm/versions/node/v14.4.0/lib/node_modules/yarn/lib/cli.js:1625:59
      at Generator.next (<anonymous>)
      at step (/Users/x/.nvm/versions/node/v14.4.0/lib/node_modules/yarn/lib/cli.js:310:30)
      at /Users/x/.nvm/versions/node/v14.4.0/lib/node_modules/yarn/lib/cli.js:321:13

npm manifest: 
  

yarn manifest: 
  No manifest

Lockfile: 
  No lockfile
